#! /usr/bin/vvp
:ivl_version "11.0 (stable)";
:ivl_delay_selection "TYPICAL";
:vpi_time_precision + 0;
:vpi_module "/usr/lib/x86_64-linux-gnu/ivl/system.vpi";
:vpi_module "/usr/lib/x86_64-linux-gnu/ivl/vhdl_sys.vpi";
:vpi_module "/usr/lib/x86_64-linux-gnu/ivl/vhdl_textio.vpi";
:vpi_module "/usr/lib/x86_64-linux-gnu/ivl/v2005_math.vpi";
:vpi_module "/usr/lib/x86_64-linux-gnu/ivl/va_math.vpi";
S_0x55d1ed684860 .scope module, "fa" "fa" 2 1;
 .timescale 0 0;
    .port_info 0 /INPUT 1 "P";
    .port_info 1 /INPUT 1 "Q";
    .port_info 2 /INPUT 1 "R";
    .port_info 3 /OUTPUT 1 "S";
    .port_info 4 /OUTPUT 1 "C";
o0x7f7dbaeb5048 .functor BUFZ 1, C4<z>; HiZ drive
o0x7f7dbaeb5078 .functor BUFZ 1, C4<z>; HiZ drive
L_0x55d1ed6b4a90 .functor XOR 1, o0x7f7dbaeb5048, o0x7f7dbaeb5078, C4<0>, C4<0>;
o0x7f7dbaeb50a8 .functor BUFZ 1, C4<z>; HiZ drive
L_0x55d1ed6b4b30 .functor XOR 1, L_0x55d1ed6b4a90, o0x7f7dbaeb50a8, C4<0>, C4<0>;
L_0x55d1ed6b4c20 .functor AND 1, o0x7f7dbaeb5048, o0x7f7dbaeb5078, C4<1>, C4<1>;
L_0x55d1ed6b4d60 .functor AND 1, L_0x55d1ed6b4a90, o0x7f7dbaeb50a8, C4<1>, C4<1>;
L_0x55d1ed6b4e50 .functor OR 1, L_0x55d1ed6b4d60, L_0x55d1ed6b4c20, C4<0>, C4<0>;
v0x55d1ed6833f0_0 .net "C", 0 0, L_0x55d1ed6b4e50;  1 drivers
v0x55d1ed6859e0_0 .net "P", 0 0, o0x7f7dbaeb5048;  0 drivers
v0x55d1ed685060_0 .net "Q", 0 0, o0x7f7dbaeb5078;  0 drivers
v0x55d1ed68a7b0_0 .net "R", 0 0, o0x7f7dbaeb50a8;  0 drivers
v0x55d1ed6b0210_0 .net "S", 0 0, L_0x55d1ed6b4b30;  1 drivers
v0x55d1ed6b0320_0 .net "w1", 0 0, L_0x55d1ed6b4a90;  1 drivers
v0x55d1ed6b03e0_0 .net "w2", 0 0, L_0x55d1ed6b4c20;  1 drivers
v0x55d1ed6b04a0_0 .net "w3", 0 0, L_0x55d1ed6b4d60;  1 drivers
S_0x55d1ed6849f0 .scope module, "mux4" "mux4" 3 1;
 .timescale 0 0;
    .port_info 0 /INPUT 4 "i";
    .port_info 1 /INPUT 2 "c";
    .port_info 2 /OUTPUT 1 "o";
L_0x55d1ed6b4f60 .functor NOT 1, L_0x55d1ed6b4fd0, C4<0>, C4<0>, C4<0>;
L_0x55d1ed6b50c0 .functor NOT 1, L_0x55d1ed6b5160, C4<0>, C4<0>, C4<0>;
L_0x55d1ed6b52a0 .functor AND 1, L_0x55d1ed6b53e0, L_0x55d1ed6b50c0, L_0x55d1ed6b4f60, C4<1>;
L_0x55d1ed6b54d0 .functor AND 1, L_0x55d1ed6b55d0, L_0x55d1ed6b50c0, L_0x55d1ed6b5740, C4<1>;
L_0x55d1ed6b5830 .functor AND 1, L_0x55d1ed6b58d0, L_0x55d1ed6b59b0, L_0x55d1ed6b50c0, C4<1>;
L_0x55d1ed6b5aa0 .functor AND 1, L_0x55d1ed6b5bb0, L_0x55d1ed6b5d30, L_0x55d1ed6b5dd0, C4<1>;
o0x7f7dbaeb5618 .functor BUFZ 1, C4<z>; HiZ drive
L_0x55d1ed6b5f20 .functor OR 1, L_0x55d1ed6b54d0, L_0x55d1ed6b5830, L_0x55d1ed6b5aa0, o0x7f7dbaeb5618;
v0x55d1ed6b0600_0 .net *"_ivl_11", 0 0, L_0x55d1ed6b55d0;  1 drivers
v0x55d1ed6b0700_0 .net *"_ivl_13", 0 0, L_0x55d1ed6b5740;  1 drivers
v0x55d1ed6b07e0_0 .net *"_ivl_16", 0 0, L_0x55d1ed6b58d0;  1 drivers
v0x55d1ed6b08a0_0 .net *"_ivl_18", 0 0, L_0x55d1ed6b59b0;  1 drivers
v0x55d1ed6b0980_0 .net *"_ivl_2", 0 0, L_0x55d1ed6b4fd0;  1 drivers
v0x55d1ed6b0ab0_0 .net *"_ivl_21", 0 0, L_0x55d1ed6b5bb0;  1 drivers
v0x55d1ed6b0b90_0 .net *"_ivl_23", 0 0, L_0x55d1ed6b5d30;  1 drivers
v0x55d1ed6b0c70_0 .net *"_ivl_25", 0 0, L_0x55d1ed6b5dd0;  1 drivers
v0x55d1ed6b0d50_0 .net *"_ivl_5", 0 0, L_0x55d1ed6b5160;  1 drivers
v0x55d1ed6b0e30_0 .net *"_ivl_8", 0 0, L_0x55d1ed6b53e0;  1 drivers
o0x7f7dbaeb5468 .functor BUFZ 2, C4<zz>; HiZ drive
v0x55d1ed6b0f10_0 .net "c", 1 0, o0x7f7dbaeb5468;  0 drivers
o0x7f7dbaeb5498 .functor BUFZ 4, C4<zzzz>; HiZ drive
v0x55d1ed6b0ff0_0 .net "i", 3 0, o0x7f7dbaeb5498;  0 drivers
v0x55d1ed6b10d0_0 .net "nc0", 0 0, L_0x55d1ed6b4f60;  1 drivers
v0x55d1ed6b1190_0 .net "nc1", 0 0, L_0x55d1ed6b50c0;  1 drivers
v0x55d1ed6b1250_0 .net "o", 0 0, L_0x55d1ed6b5f20;  1 drivers
v0x55d1ed6b1310_0 .net "w0", 0 0, L_0x55d1ed6b52a0;  1 drivers
v0x55d1ed6b13d0_0 .net "w1", 0 0, L_0x55d1ed6b54d0;  1 drivers
v0x55d1ed6b1490_0 .net "w2", 0 0, L_0x55d1ed6b5830;  1 drivers
v0x55d1ed6b1550_0 .net "w3", 0 0, L_0x55d1ed6b5aa0;  1 drivers
v0x55d1ed6b1610_0 .net "w4", 0 0, o0x7f7dbaeb5618;  0 drivers
L_0x55d1ed6b4fd0 .part o0x7f7dbaeb5468, 0, 1;
L_0x55d1ed6b5160 .part o0x7f7dbaeb5468, 1, 1;
L_0x55d1ed6b53e0 .part o0x7f7dbaeb5498, 0, 1;
L_0x55d1ed6b55d0 .part o0x7f7dbaeb5498, 1, 1;
L_0x55d1ed6b5740 .part o0x7f7dbaeb5468, 0, 1;
L_0x55d1ed6b58d0 .part o0x7f7dbaeb5498, 2, 1;
L_0x55d1ed6b59b0 .part o0x7f7dbaeb5468, 0, 1;
L_0x55d1ed6b5bb0 .part o0x7f7dbaeb5498, 3, 1;
L_0x55d1ed6b5d30 .part o0x7f7dbaeb5468, 0, 1;
L_0x55d1ed6b5dd0 .part o0x7f7dbaeb5468, 1, 1;
S_0x55d1ed688120 .scope module, "tb_dff" "tb_dff" 4 1;
 .timescale 0 0;
v0x55d1ed6b2c80_0 .var "A", 0 0;
v0x55d1ed6b2d70_0 .net "B", 0 0, L_0x55d1ed6b6490;  1 drivers
v0x55d1ed6b2e30_0 .var "clk", 0 0;
S_0x55d1ed6b1750 .scope module, "uut" "dff" 4 7, 5 1 0, S_0x55d1ed688120;
 .timescale 0 0;
    .port_info 0 /INPUT 1 "clk";
    .port_info 1 /INPUT 1 "d";
    .port_info 2 /OUTPUT 1 "o";
L_0x55d1ed6b6030 .functor NOT 1, v0x55d1ed6b2c80_0, C4<0>, C4<0>, C4<0>;
v0x55d1ed6b27c0_0 .net "clk", 0 0, v0x55d1ed6b2e30_0;  1 drivers
v0x55d1ed6b2880_0 .net "d", 0 0, v0x55d1ed6b2c80_0;  1 drivers
v0x55d1ed6b2950_0 .net "nd", 0 0, L_0x55d1ed6b6030;  1 drivers
v0x55d1ed6b2a50_0 .net "no", 0 0, L_0x55d1ed6b6390;  1 drivers
v0x55d1ed6b2b40_0 .net "o", 0 0, L_0x55d1ed6b6490;  alias, 1 drivers
S_0x55d1ed6b1950 .scope module, "s" "srff" 5 8, 6 1 0, S_0x55d1ed6b1750;
 .timescale 0 0;
    .port_info 0 /INPUT 1 "clk";
    .port_info 1 /INPUT 1 "S";
    .port_info 2 /INPUT 1 "R";
    .port_info 3 /OUTPUT 1 "Q";
    .port_info 4 /OUTPUT 1 "N";
L_0x55d1ed6b60f0 .functor NAND 1, L_0x55d1ed6b6030, v0x55d1ed6b2e30_0, C4<1>, C4<1>;
L_0x55d1ed6b61b0 .functor NAND 1, v0x55d1ed6b2c80_0, v0x55d1ed6b2e30_0, C4<1>, C4<1>;
v0x55d1ed6b21d0_0 .net "N", 0 0, L_0x55d1ed6b6390;  alias, 1 drivers
v0x55d1ed6b2290_0 .net "Q", 0 0, L_0x55d1ed6b6490;  alias, 1 drivers
v0x55d1ed6b2360_0 .net "R", 0 0, v0x55d1ed6b2c80_0;  alias, 1 drivers
v0x55d1ed6b2430_0 .net "S", 0 0, L_0x55d1ed6b6030;  alias, 1 drivers
v0x55d1ed6b24d0_0 .net "clk", 0 0, v0x55d1ed6b2e30_0;  alias, 1 drivers
v0x55d1ed6b25c0_0 .net "w1", 0 0, L_0x55d1ed6b60f0;  1 drivers
v0x55d1ed6b2660_0 .net "w2", 0 0, L_0x55d1ed6b61b0;  1 drivers
S_0x55d1ed6b1b50 .scope module, "s" "sr" 6 12, 7 1 0, S_0x55d1ed6b1950;
 .timescale 0 0;
    .port_info 0 /INPUT 1 "S";
    .port_info 1 /INPUT 1 "R";
    .port_info 2 /OUTPUT 1 "Q";
    .port_info 3 /OUTPUT 1 "N";
L_0x55d1ed6b6390 .functor NAND 1, L_0x55d1ed6b60f0, L_0x55d1ed6b6490, C4<1>, C4<1>;
L_0x55d1ed6b6490 .functor NAND 1, L_0x55d1ed6b61b0, L_0x55d1ed6b6390, C4<1>, C4<1>;
v0x55d1ed6b1df0_0 .net "N", 0 0, L_0x55d1ed6b6390;  alias, 1 drivers
v0x55d1ed6b1ed0_0 .net "Q", 0 0, L_0x55d1ed6b6490;  alias, 1 drivers
v0x55d1ed6b1f90_0 .net "R", 0 0, L_0x55d1ed6b61b0;  alias, 1 drivers
v0x55d1ed6b2060_0 .net "S", 0 0, L_0x55d1ed6b60f0;  alias, 1 drivers
S_0x55d1ed6882b0 .scope module, "tb_sr" "tb_sr" 8 1;
 .timescale 0 0;
v0x55d1ed6b34d0_0 .var "A", 0 0;
v0x55d1ed6b3590_0 .var "B", 0 0;
v0x55d1ed6b3630_0 .net "C", 0 0, L_0x55d1ed6b6600;  1 drivers
v0x55d1ed6b3730_0 .net "D", 0 0, L_0x55d1ed6b6590;  1 drivers
S_0x55d1ed6b2f20 .scope module, "uut" "sr" 8 6, 7 1 0, S_0x55d1ed6882b0;
 .timescale 0 0;
    .port_info 0 /INPUT 1 "S";
    .port_info 1 /INPUT 1 "R";
    .port_info 2 /OUTPUT 1 "Q";
    .port_info 3 /OUTPUT 1 "N";
L_0x55d1ed6b6590 .functor NAND 1, v0x55d1ed6b34d0_0, L_0x55d1ed6b6600, C4<1>, C4<1>;
L_0x55d1ed6b6600 .functor NAND 1, v0x55d1ed6b3590_0, L_0x55d1ed6b6590, C4<1>, C4<1>;
v0x55d1ed6b3170_0 .net "N", 0 0, L_0x55d1ed6b6590;  alias, 1 drivers
v0x55d1ed6b3230_0 .net "Q", 0 0, L_0x55d1ed6b6600;  alias, 1 drivers
v0x55d1ed6b32f0_0 .net "R", 0 0, v0x55d1ed6b3590_0;  1 drivers
v0x55d1ed6b3390_0 .net "S", 0 0, v0x55d1ed6b34d0_0;  1 drivers
S_0x55d1ed688440 .scope module, "tb_srff" "tb_srff" 9 1;
 .timescale 0 0;
v0x55d1ed6b4600_0 .var "A", 0 0;
v0x55d1ed6b46c0_0 .var "B", 0 0;
v0x55d1ed6b4790_0 .net "C", 0 0, L_0x55d1ed6b6950;  1 drivers
v0x55d1ed6b48b0_0 .net "D", 0 0, L_0x55d1ed6b68e0;  1 drivers
v0x55d1ed6b49a0_0 .var "clk", 0 0;
S_0x55d1ed6b3800 .scope module, "uut" "srff" 9 7, 6 1 0, S_0x55d1ed688440;
 .timescale 0 0;
    .port_info 0 /INPUT 1 "clk";
    .port_info 1 /INPUT 1 "S";
    .port_info 2 /INPUT 1 "R";
    .port_info 3 /OUTPUT 1 "Q";
    .port_info 4 /OUTPUT 1 "N";
L_0x55d1ed6b6670 .functor NAND 1, v0x55d1ed6b4600_0, v0x55d1ed6b49a0_0, C4<1>, C4<1>;
L_0x55d1ed6b67d0 .functor NAND 1, v0x55d1ed6b46c0_0, v0x55d1ed6b49a0_0, C4<1>, C4<1>;
v0x55d1ed6b4010_0 .net "N", 0 0, L_0x55d1ed6b68e0;  alias, 1 drivers
v0x55d1ed6b40d0_0 .net "Q", 0 0, L_0x55d1ed6b6950;  alias, 1 drivers
v0x55d1ed6b41a0_0 .net "R", 0 0, v0x55d1ed6b46c0_0;  1 drivers
v0x55d1ed6b4270_0 .net "S", 0 0, v0x55d1ed6b4600_0;  1 drivers
v0x55d1ed6b4310_0 .net "clk", 0 0, v0x55d1ed6b49a0_0;  1 drivers
v0x55d1ed6b4400_0 .net "w1", 0 0, L_0x55d1ed6b6670;  1 drivers
v0x55d1ed6b44a0_0 .net "w2", 0 0, L_0x55d1ed6b67d0;  1 drivers
S_0x55d1ed6b3a10 .scope module, "s" "sr" 6 12, 7 1 0, S_0x55d1ed6b3800;
 .timescale 0 0;
    .port_info 0 /INPUT 1 "S";
    .port_info 1 /INPUT 1 "R";
    .port_info 2 /OUTPUT 1 "Q";
    .port_info 3 /OUTPUT 1 "N";
L_0x55d1ed6b68e0 .functor NAND 1, L_0x55d1ed6b6670, L_0x55d1ed6b6950, C4<1>, C4<1>;
L_0x55d1ed6b6950 .functor NAND 1, L_0x55d1ed6b67d0, L_0x55d1ed6b68e0, C4<1>, C4<1>;
v0x55d1ed6b3c90_0 .net "N", 0 0, L_0x55d1ed6b68e0;  alias, 1 drivers
v0x55d1ed6b3d30_0 .net "Q", 0 0, L_0x55d1ed6b6950;  alias, 1 drivers
v0x55d1ed6b3dd0_0 .net "R", 0 0, L_0x55d1ed6b67d0;  alias, 1 drivers
v0x55d1ed6b3ea0_0 .net "S", 0 0, L_0x55d1ed6b6670;  alias, 1 drivers
    .scope S_0x55d1ed688120;
T_0 ;
    %pushi/vec4 1, 0, 1;
    %store/vec4 v0x55d1ed6b2e30_0, 0, 1;
    %end;
    .thread T_0;
    .scope S_0x55d1ed688120;
T_1 ;
    %delay 10, 0;
    %load/vec4 v0x55d1ed6b2e30_0;
    %inv;
    %store/vec4 v0x55d1ed6b2e30_0, 0, 1;
    %jmp T_1;
    .thread T_1;
    .scope S_0x55d1ed688120;
T_2 ;
    %vpi_call 4 15 "$dumpfile", "dmp.vcb" {0 0 0};
    %vpi_call 4 15 "$dumpvars", 32'sb00000000000000000000000000000000, S_0x55d1ed688120 {0 0 0};
    %pushi/vec4 1, 0, 1;
    %store/vec4 v0x55d1ed6b2c80_0, 0, 1;
    %delay 10, 0;
    %pushi/vec4 0, 0, 1;
    %store/vec4 v0x55d1ed6b2c80_0, 0, 1;
    %delay 30, 0;
    %pushi/vec4 1, 0, 1;
    %store/vec4 v0x55d1ed6b2c80_0, 0, 1;
    %delay 20, 0;
    %pushi/vec4 0, 0, 1;
    %store/vec4 v0x55d1ed6b2c80_0, 0, 1;
    %delay 20, 0;
    %pushi/vec4 0, 0, 1;
    %store/vec4 v0x55d1ed6b2c80_0, 0, 1;
    %delay 20, 0;
    %pushi/vec4 1, 0, 1;
    %store/vec4 v0x55d1ed6b2c80_0, 0, 1;
    %delay 20, 0;
    %pushi/vec4 1, 0, 1;
    %store/vec4 v0x55d1ed6b2c80_0, 0, 1;
    %delay 20, 0;
    %pushi/vec4 1, 0, 1;
    %store/vec4 v0x55d1ed6b2c80_0, 0, 1;
    %delay 20, 0;
    %vpi_call 4 26 "$finish" {0 0 0};
    %end;
    .thread T_2;
    .scope S_0x55d1ed6882b0;
T_3 ;
    %pushi/vec4 1, 0, 1;
    %store/vec4 v0x55d1ed6b34d0_0, 0, 1;
    %pushi/vec4 0, 0, 1;
    %store/vec4 v0x55d1ed6b3590_0, 0, 1;
    %delay 10, 0;
    %pushi/vec4 1, 0, 1;
    %store/vec4 v0x55d1ed6b34d0_0, 0, 1;
    %pushi/vec4 1, 0, 1;
    %store/vec4 v0x55d1ed6b3590_0, 0, 1;
    %delay 10, 0;
    %pushi/vec4 0, 0, 1;
    %store/vec4 v0x55d1ed6b34d0_0, 0, 1;
    %pushi/vec4 1, 0, 1;
    %store/vec4 v0x55d1ed6b3590_0, 0, 1;
    %delay 10, 0;
    %pushi/vec4 0, 0, 1;
    %store/vec4 v0x55d1ed6b34d0_0, 0, 1;
    %pushi/vec4 0, 0, 1;
    %store/vec4 v0x55d1ed6b3590_0, 0, 1;
    %delay 10, 0;
    %end;
    .thread T_3;
    .scope S_0x55d1ed688440;
T_4 ;
    %pushi/vec4 0, 0, 1;
    %store/vec4 v0x55d1ed6b49a0_0, 0, 1;
    %end;
    .thread T_4;
    .scope S_0x55d1ed688440;
T_5 ;
    %load/vec4 v0x55d1ed6b49a0_0;
    %inv;
    %store/vec4 v0x55d1ed6b49a0_0, 0, 1;
    %delay 10, 0;
    %jmp T_5;
    .thread T_5;
    .scope S_0x55d1ed688440;
T_6 ;
    %pushi/vec4 1, 0, 1;
    %store/vec4 v0x55d1ed6b4600_0, 0, 1;
    %pushi/vec4 0, 0, 1;
    %store/vec4 v0x55d1ed6b46c0_0, 0, 1;
    %delay 10, 0;
    %pushi/vec4 0, 0, 1;
    %store/vec4 v0x55d1ed6b4600_0, 0, 1;
    %pushi/vec4 0, 0, 1;
    %store/vec4 v0x55d1ed6b46c0_0, 0, 1;
    %delay 10, 0;
    %pushi/vec4 0, 0, 1;
    %store/vec4 v0x55d1ed6b4600_0, 0, 1;
    %pushi/vec4 1, 0, 1;
    %store/vec4 v0x55d1ed6b46c0_0, 0, 1;
    %delay 10, 0;
    %pushi/vec4 0, 0, 1;
    %store/vec4 v0x55d1ed6b4600_0, 0, 1;
    %pushi/vec4 0, 0, 1;
    %store/vec4 v0x55d1ed6b46c0_0, 0, 1;
    %delay 10, 0;
    %pushi/vec4 0, 0, 1;
    %store/vec4 v0x55d1ed6b4600_0, 0, 1;
    %pushi/vec4 1, 0, 1;
    %store/vec4 v0x55d1ed6b46c0_0, 0, 1;
    %delay 10, 0;
    %pushi/vec4 1, 0, 1;
    %store/vec4 v0x55d1ed6b4600_0, 0, 1;
    %pushi/vec4 0, 0, 1;
    %store/vec4 v0x55d1ed6b46c0_0, 0, 1;
    %delay 10, 0;
    %pushi/vec4 1, 0, 1;
    %store/vec4 v0x55d1ed6b4600_0, 0, 1;
    %pushi/vec4 0, 0, 1;
    %store/vec4 v0x55d1ed6b46c0_0, 0, 1;
    %delay 10, 0;
    %pushi/vec4 0, 0, 1;
    %store/vec4 v0x55d1ed6b4600_0, 0, 1;
    %pushi/vec4 1, 0, 1;
    %store/vec4 v0x55d1ed6b46c0_0, 0, 1;
    %delay 10, 0;
    %vpi_call 9 26 "$finish" {0 0 0};
    %end;
    .thread T_6;
# The file index is used to find the file name in the following table.
:file_names 10;
    "N/A";
    "<interactive>";
    "fa.v";
    "mux4.v";
    "tb_dff.v";
    "dff.v";
    "srff.v";
    "sr.v";
    "tb_sr.v";
    "tb_srff.v";
